<?xml version="1.0" encoding="UTF-8"?>
<robot generator="Robot 7.4.1 (Python 3.13.5 on win32)" generated="2026-02-06T09:22:01.162959" rpa="false" schemaversion="5">
<suite id="s1" name="RobotFramework test" source="C:\Users\kiralybence\Documents\GitHub\RobotFramework_test">
<suite id="s1-s1" name="SauceDemoLogin" source="C:\Users\kiralybence\Documents\GitHub\RobotFramework_test\SauceDemoLogin.robot">
<test id="s1-s1-t1" name="Open Sauce Demo" line="5">
<kw name="Open Browser" owner="Selenium2Library">
<msg time="2026-02-06T09:22:01.333302" level="INFO">Opening browser 'firefox' to base url 'https://www.saucedemo.com/'.</msg>
<arg>https://www.saucedemo.com/</arg>
<arg>firefox</arg>
<doc>Opens a new browser instance to the optional ``url``.</doc>
<status status="PASS" start="2026-02-06T09:22:01.332992" elapsed="5.483018"/>
</kw>
<kw name="Input Text" owner="Selenium2Library">
<msg time="2026-02-06T09:22:06.816972" level="INFO">Typing text 'standard_user' into text field '//*[@id=user-name]'.</msg>
<msg time="2026-02-06T09:22:06.874554" level="INFO" html="true">&lt;/td&gt;&lt;/tr&gt;&lt;tr&gt;&lt;td colspan="3"&gt;&lt;a href="selenium-screenshot-6.png"&gt;&lt;img src="selenium-screenshot-6.png" width="800px"&gt;&lt;/a&gt;</msg>
<msg time="2026-02-06T09:22:06.874810" level="FAIL">Element with locator '//*[@id=user-name]' not found.</msg>
<arg>//*[@id=user-name]</arg>
<arg>standard_user</arg>
<doc>Types the given ``text`` into the text field identified by ``locator``.</doc>
<status status="FAIL" start="2026-02-06T09:22:06.816576" elapsed="0.063588">Element with locator '//*[@id=user-name]' not found.</status>
</kw>
<kw name="Input Password" owner="Selenium2Library">
<arg>//*[@id="password"]</arg>
<arg>secret_sauce</arg>
<doc>Types the given password into the text field identified by ``locator``.</doc>
<status status="NOT RUN" start="2026-02-06T09:22:06.880548" elapsed="0.000173"/>
</kw>
<kw name="Click Button" owner="Selenium2Library">
<arg>//*[@id="login-button"]</arg>
<doc>Clicks the button identified by ``locator``.</doc>
<status status="NOT RUN" start="2026-02-06T09:22:06.880947" elapsed="0.000120"/>
</kw>
<kw name="Sleep" owner="BuiltIn">
<arg>10s</arg>
<doc>Pauses the test executed for the given time.</doc>
<status status="NOT RUN" start="2026-02-06T09:22:06.881321" elapsed="0.000189"/>
</kw>
<kw name="Page Should Contain Element" owner="Selenium2Library">
<arg>//*[@id="shopping_cart_container"]/a</arg>
<doc>Verifies that element ``locator`` is found on the current page.</doc>
<status status="NOT RUN" start="2026-02-06T09:22:06.881973" elapsed="0.000147"/>
</kw>
<kw name="Close Browser" owner="Selenium2Library">
<doc>Closes the current browser.</doc>
<status status="NOT RUN" start="2026-02-06T09:22:06.882380" elapsed="0.000178"/>
</kw>
<status status="FAIL" start="2026-02-06T09:22:01.330253" elapsed="5.552615">Element with locator '//*[@id=user-name]' not found.</status>
</test>
<test id="s1-s1-t2" name="Login with standard_user wrong password" line="14">
<kw name="Open Browser" owner="Selenium2Library">
<msg time="2026-02-06T09:22:06.890308" level="INFO">Opening browser 'firefox' to base url 'https://www.saucedemo.com/'.</msg>
<arg>https://www.saucedemo.com/</arg>
<arg>firefox</arg>
<doc>Opens a new browser instance to the optional ``url``.</doc>
<status status="PASS" start="2026-02-06T09:22:06.890074" elapsed="5.522631"/>
</kw>
<kw name="Input Text" owner="Selenium2Library">
<msg time="2026-02-06T09:22:12.413244" level="INFO">Typing text 'standard_user' into text field '//*[@id=user-name]'.</msg>
<msg time="2026-02-06T09:22:12.442212" level="INFO" html="true">&lt;/td&gt;&lt;/tr&gt;&lt;tr&gt;&lt;td colspan="3"&gt;&lt;a href="selenium-screenshot-7.png"&gt;&lt;img src="selenium-screenshot-7.png" width="800px"&gt;&lt;/a&gt;</msg>
<msg time="2026-02-06T09:22:12.442449" level="FAIL">Element with locator '//*[@id=user-name]' not found.</msg>
<arg>//*[@id=user-name]</arg>
<arg>standard_user</arg>
<doc>Types the given ``text`` into the text field identified by ``locator``.</doc>
<status status="FAIL" start="2026-02-06T09:22:12.412966" elapsed="0.033549">Element with locator '//*[@id=user-name]' not found.</status>
</kw>
<kw name="Input Password" owner="Selenium2Library">
<arg>//*[@id="password"]</arg>
<arg>secret</arg>
<doc>Types the given password into the text field identified by ``locator``.</doc>
<status status="NOT RUN" start="2026-02-06T09:22:12.446947" elapsed="0.000150"/>
</kw>
<kw name="Click Button" owner="Selenium2Library">
<arg>//*[@id="login-button"]</arg>
<doc>Clicks the button identified by ``locator``.</doc>
<status status="NOT RUN" start="2026-02-06T09:22:12.447329" elapsed="0.000183"/>
</kw>
<kw name="Sleep" owner="BuiltIn">
<arg>10s</arg>
<doc>Pauses the test executed for the given time.</doc>
<status status="NOT RUN" start="2026-02-06T09:22:12.447914" elapsed="0.000227"/>
</kw>
<kw name="Page Should Contain Element" owner="Selenium2Library">
<arg>//*[@id="shopping_cart_container"]/a</arg>
<doc>Verifies that element ``locator`` is found on the current page.</doc>
<status status="NOT RUN" start="2026-02-06T09:22:12.448377" elapsed="0.000153"/>
</kw>
<kw name="Close Browser" owner="Selenium2Library">
<doc>Closes the current browser.</doc>
<status status="NOT RUN" start="2026-02-06T09:22:12.448779" elapsed="0.000129"/>
</kw>
<status status="FAIL" start="2026-02-06T09:22:06.887912" elapsed="5.561505">Element with locator '//*[@id=user-name]' not found.</status>
</test>
<test id="s1-s1-t3" name="Login with wrong username and valid password" line="23">
<kw name="Open Browser" owner="Selenium2Library">
<msg time="2026-02-06T09:22:12.458126" level="INFO">Opening browser 'firefox' to base url 'https://www.saucedemo.com/'.</msg>
<msg time="2026-02-06T09:22:19.990459" level="WARN">Keyword 'Capture Page Screenshot' could not be run on failure: Message: Failed to decode response from marionette
</msg>
<msg time="2026-02-06T09:22:19.996481" level="FAIL">WebDriverException: Message: Failed to decode response from marionette
</msg>
<arg>https://www.saucedemo.com/</arg>
<arg>firefox</arg>
<doc>Opens a new browser instance to the optional ``url``.</doc>
<status status="FAIL" start="2026-02-06T09:22:12.457665" elapsed="7.596862">WebDriverException: Message: Failed to decode response from marionette
</status>
</kw>
<kw name="Input Text" owner="Selenium2Library">
<arg>//*[@id=user-name]</arg>
<arg>standard</arg>
<doc>Types the given ``text`` into the text field identified by ``locator``.</doc>
<status status="NOT RUN" start="2026-02-06T09:22:20.055012" elapsed="0.000168"/>
</kw>
<kw name="Input Password" owner="Selenium2Library">
<arg>//*[@id="password"]</arg>
<arg>secret_sauce</arg>
<doc>Types the given password into the text field identified by ``locator``.</doc>
<status status="NOT RUN" start="2026-02-06T09:22:20.055464" elapsed="0.000135"/>
</kw>
<kw name="Click Button" owner="Selenium2Library">
<arg>//*[@id="login-button"]</arg>
<doc>Clicks the button identified by ``locator``.</doc>
<status status="NOT RUN" start="2026-02-06T09:22:20.055862" elapsed="0.000122"/>
</kw>
<kw name="Sleep" owner="BuiltIn">
<arg>10s</arg>
<doc>Pauses the test executed for the given time.</doc>
<status status="NOT RUN" start="2026-02-06T09:22:20.056228" elapsed="0.000159"/>
</kw>
<kw name="Page Should Contain Element" owner="Selenium2Library">
<arg>//*[@id="shopping_cart_container"]/a</arg>
<doc>Verifies that element ``locator`` is found on the current page.</doc>
<status status="NOT RUN" start="2026-02-06T09:22:20.056642" elapsed="0.000126"/>
</kw>
<kw name="Close Browser" owner="Selenium2Library">
<doc>Closes the current browser.</doc>
<status status="NOT RUN" start="2026-02-06T09:22:20.056990" elapsed="0.000118"/>
</kw>
<status status="FAIL" start="2026-02-06T09:22:12.454905" elapsed="7.602479">WebDriverException: Message: Failed to decode response from marionette
</status>
</test>
<test id="s1-s1-t4" name="Login without username" line="32">
<kw name="Open Browser" owner="Selenium2Library">
<msg time="2026-02-06T09:22:20.069305" level="INFO">