<?xml version="1.0" encoding="UTF-8"?>
<robot generator="Robot 7.4.1 (Python 3.13.5 on win32)" generated="2026-02-06T09:44:38.252798" rpa="false" schemaversion="5">
<suite id="s1" name="RobotFramwork" source="C:\Users\kiralybence\Documents\GitHub\RobotFramwork">
<suite id="s1-s1" name="RobotFramework test" source="C:\Users\kiralybence\Documents\GitHub\RobotFramwork\RobotFramework_test">
<suite id="s1-s1-s1" name="SauceDemoLogin" source="C:\Users\kiralybence\Documents\GitHub\RobotFramwork\RobotFramework_test\SauceDemoLogin.robot">
<test id="s1-s1-s1-t1" name="Login without username" line="32">
<kw name="Open Browser" owner="Selenium2Library">
<msg time="2026-02-06T09:44:38.441147" level="INFO">Opening browser 'firefox' to base url 'https://www.saucedemo.com/'.</msg>
<arg>https://www.saucedemo.com/</arg>
<arg>firefox</arg>
<doc>Opens a new browser instance to the optional ``url``.</doc>
<status status="PASS" start="2026-02-06T09:44:38.440851" elapsed="5.654620"/>
</kw>
<kw name="Input Password" owner="Selenium2Library">
<msg time="2026-02-06T09:44:44.096233" level="INFO">Typing password into text field '//*[@id="password"]'.</msg>
<msg time="2026-02-06T09:44:44.144050" level="WARN">Keyword 'Capture Page Screenshot' could not be run on failure: Message: WebDriver session does not exist, or is not active; For documentation on this error, please visit: https://www.selenium.dev/documentation/webdriver/troubleshooting/errors#invalidsessionidexception
Stacktrace:
RemoteError@chrome://remote/content/shared/RemoteError.sys.mjs:8:8
WebDriverError@chrome://remote/content/shared/webdriver/Errors.sys.mjs:202:5
InvalidSessionIDError@chrome://remote/content/shared/webdriver/Errors.sys.mjs:472:5
assert.that/&lt;@chrome://remote/content/shared/webdriver/Assert.sys.mjs:581:13
assert.session@chrome://remote/content/shared/webdriver/Assert.sys.mjs:38:4
dispatch@chrome://remote/content/marionette/server.sys.mjs:315:19
execute@chrome://remote/content/marionette/server.sys.mjs:289:16
onPacket/&lt;@chrome://remote/content/marionette/server.sys.mjs:262:20
onPacket@chrome://remote/content/marionette/server.sys.mjs:263:9
_onJSONObjectReady/&lt;@chrome://remote/content/marionette/transport.sys.mjs:494:20
observe@resource://gre/modules/AsyncShutdown.sys.mjs:570:17
</msg>
<msg time="2026-02-06T09:44:44.158312" level="FAIL">InvalidSessionIdException: Message: WebDriver session does not exist, or is not active; For documentation on this error, please visit: https://www.selenium.dev/documentation/webdriver/troubleshooting/errors#invalidsessionidexception
Stacktrace:
RemoteError@chrome://remote/content/shared/RemoteError.sys.mjs:8:8
WebDriverError@chrome://remote/content/shared/webdriver/Errors.sys.mjs:202:5
InvalidSessionIDError@chrome://remote/content/shared/webdriver/Errors.sys.mjs:472:5
assert.that/&lt;@chrome://remote/content/shared/webdriver/Assert.sys.mjs:581:13
assert.session@chrome://remote/content/shared/webdriver/Assert.sys.mjs:38:4
dispatch@chrome://remote/content/marionette/server.sys.mjs:315:19
execute@chrome://remote/content/marionette/server.sys.mjs:289:16
onPacket/&lt;@chrome://remote/content/marionette/server.sys.mjs:262:20
onPacket@chrome://remote/content/marionette/server.sys.mjs:263:9
_onJSONObjectReady/&lt;@chrome://remote/content/marionette/transport.sys.mjs:494:20
observe@resource://gre/modules/AsyncShutdown.sys.mjs:570:17
</msg>
<arg>//*[@id="password"]</arg>
<arg>secret_sauce</arg>
<doc>Types the given password into the text field identified by ``locator``.</doc>
<status status="FAIL" start="2026-02-06T09:44:44.095828" elapsed="0.068344">InvalidSessionIdException: Message: WebDriver session does not exist, or is not active; For documentation on this error, please visit: https://www.selenium.dev/documentation/webdriver/troubleshooting/errors#invalidsessionidexception
Stacktrace:
RemoteError@chrome://remote/content/shared/RemoteError.sys.mjs:8:8
WebDriverError@chrome://remote/content/shared/webdriver/Errors.sys.mjs:202:5
InvalidSessionIDError@chrome://remote/content/shared/webdriver/Errors.sys.mjs:472:5
assert.that/&lt;@chrome://remote/content/shared/webdriver/Assert.sys.mjs:581:13
assert.session@chrome://remote/content/shared/webdriver/Assert.sys.mjs:38:4
dispatch@chrome://remote/content/marionette/server.sys.mjs:315:19
execute@chrome://remote/content/marionette/server.sys.mjs:289:16
onPacket/&lt;@chrome://remote/content/marionette/server.sys.mjs:262:20
onPacket@chrome://remote/content/marionette/server.sys.mjs:263:9
_onJSONObjectReady/&lt;@chrome://remote/content/marionette/transport.sys.mjs:494:20
observe@resource://gre/modules/AsyncShutdown.sys.mjs:570:17
</status>
</kw>
<kw name="Click Button" owner="Selenium2Library">
<arg>//*[@id="login-button"]</arg>
<doc>Clicks the button identified by ``locator``.</doc>
<status status="NOT RUN" start="2026-02-06T09:44:44.164507" elapsed="0.000121"/>
</kw>
<kw name="Sleep" owner="BuiltIn">
<arg>10s</arg>
<doc>Pauses the test executed for the given time.</doc>
<status status="NOT RUN" start="2026-02-06T09:44:44.164823" elapsed="0.000106"/>
</kw>
<kw name="Page Should Contain Element" owner="Selenium2Library">
<arg>//*[@id="shopping_cart_container"]/a</arg>
<doc>Verifies that element ``locator`` is found on the current page.</doc>
<status status="NOT RUN" start="2026-02-06T09:44:44.165074" elapsed="0.000078"/>
</kw>
<kw name="Close Browser" owner="Selenium2Library">
<doc>Closes the current browser.</doc>
<status status="NOT RUN" start="2026-02-06T09:44:44.165276" elapsed="0.000071"/>
</kw>
<status status="FAIL" start="2026-02-06T09:44:38.438512" elapsed="5.727017">InvalidSessionIdException: Message: WebDriver session does not exist, or is not active; For documentation on this error, please visit: https://www.selenium.dev/documentation/webdriver/troubleshooting/errors#invalidsessionidexception
Stacktrace:
RemoteError@chrome://remote/content/shared/RemoteError.sys.mjs:8:8
WebDriverError@chrome://remote/content/shared/webdriver/Errors.sys.mjs:202:5
InvalidSessionIDError@chrome://remote/content/shared/webdriver/Errors.sys.mjs:472:5
assert.that/&lt;@chrome://remote/content/shared/webdriver/Assert.sys.mjs:581:13
assert.session@chrome://remote/content/shared/webdriver/Assert.sys.mjs:38:4
dispatch@chrome://remote/content/marionette/server.sys.mjs:315:19
execute@chrome://remote/content/marionette/server.sys.mjs:289:16
onPacket/&lt;@chrome://remote/content/marionette/server.sys.mjs:262:20
onPacket@chrome://remote/content/marionette/server.sys.mjs:263:9
_onJSONObjectReady/&lt;@chrome://remote/content/marionette/transport.sys.mjs:494:20
observe@resource://gre/modules/AsyncShutdown.sys.mjs:570:17
</status>
</test>
<status status="FAIL" start="2026-02-06T09:44:38.292660" elapsed="5.884212"/>
</suite>
<status status="FAIL" start="2026-02-06T09:44:38.290036" elapsed="5.890046"/>
</suite>
<status status="FAIL" start="2026-02-06T09:44:38.256615" elapsed="5.925771"/>
</suite>
<statistics>
<total>
<stat pass="0" fail="1" skip="0">All Tests</stat>
</total>
<tag>
</tag>
<suite>
<stat name="RobotFramwork" id="s1" pass="0" fail="1" skip="0">RobotFramwork</stat>
<stat name="RobotFramework test" id="s1-s1" pass="0" fail="1" skip="0">RobotFramwork.RobotFramework test</stat>
<stat name="SauceDemoLogin" id="s1-s1-s1" pass="0" fail="1" skip="0">RobotFramwork.RobotFramework test.SauceDemoLogin</stat>
</suite>
</statistics>
<errors>
<msg time="2026-02-06T09:44:44.144050" level="WARN">Keyword 'Capture Page Screenshot' could not be run on failure: Message: WebDriver session does not exist, or is not active; For documentation on this error, please visit: https://www.selenium.dev/documentation/webdriver/troubleshooting/errors#invalidsessionidexception
Stacktrace:
RemoteError@chrome://remote/content/shared/RemoteError.sys.mjs:8:8
WebDriverError@chrome://remote/content/shared/webdriver/Errors.sys.mjs:202:5
InvalidSessionIDError@chrome://remote/content/shared/webdriver/Errors.sys.mjs:472:5
assert.that/&lt;@chrome://remote/content/shared/webdriver/Assert.sys.mjs:581:13
assert.session@chrome://remote/content/shared/webdriver/Assert.sys.mjs:38:4
dispatch@chrome://remote/content/marionette/server.sys.mjs:315:19
execute@chrome://remote/content/marionette/server.sys.mjs:289:16
onPacket/&lt;@chrome://remote/content/marionette/server.sys.mjs:262:20
onPacket@chrome://remote/content/marionette/server.sys.mjs:263:9
_onJSONObjectReady/&lt;@chrome://remote/content/marionette/transport.sys.mjs:494:20
observe@resource://gre/modules/AsyncShutdown.sys.mjs:570:17
</msg>
</errors>
</robot>
